<?xml version="1.0" encoding="UTF-8" ?>
<testsuite tests="3" failures="0" name="org.god.ibatis.test.GodBatisTest" time="0.34" errors="0" skipped="0">
  <properties>
    <property name="idea.version" value="2022.2.2"/>
    <property name="java.runtime.name" value="OpenJDK Runtime Environment"/>
    <property name="java.vm.version" value="17.0.6+10-LTS"/>
    <property name="sun.boot.library.path" value="B:\JDK\bin"/>
    <property name="maven.multiModuleProjectDirectory" value="B:\java框架\mybatis\godbatis"/>
    <property name="java.vm.vendor" value="Amazon.com Inc."/>
    <property name="java.vendor.url" value="https://aws.amazon.com/corretto/"/>
    <property name="guice.disable.misplaced.annotation.check" value="true"/>
    <property name="path.separator" value=";"/>
    <property name="java.vm.name" value="OpenJDK 64-Bit Server VM"/>
    <property name="sun.os.patch.level" value=""/>
    <property name="user.script" value=""/>
    <property name="user.country" value="CN"/>
    <property name="sun.java.launcher" value="SUN_STANDARD"/>
    <property name="java.vm.specification.name" value="Java Virtual Machine Specification"/>
    <property name="user.dir" value="B:\java框架\mybatis\godbatis"/>
    <property name="java.vm.compressedOopsMode" value="Zero based"/>
    <property name="java.runtime.version" value="17.0.6+10-LTS"/>
    <property name="os.arch" value="amd64"/>
    <property name="java.io.tmpdir" value="C:\Users\HE&apos;YU&apos;~1\AppData\Local\Temp\"/>
    <property name="line.separator" value="
"/>
    <property name="java.vm.specification.vendor" value="Oracle Corporation"/>
    <property name="user.variant" value=""/>
    <property name="os.name" value="Windows 10"/>
    <property name="maven.ext.class.path" value="B:\IEDA\IntelliJ IDEA 2022.2.2\plugins\maven\lib\maven-event-listener.jar"/>
    <property name="archetypeCatalog" value="internal"/>
    <property name="classworlds.conf" value="B:\Maven\apache-maven-3.8.7\bin\m2.conf"/>
    <property name="sun.jnu.encoding" value="GBK"/>
    <property name="java.library.path" value="B:\JDK\bin;C:\Windows\Sun\Java\bin;C:\Windows\system32;C:\Windows;B:\Oracle\product\11.2.0\dbhome_1\bin;D:\VMware16\bin\;C:\Windows\system32;C:\Windows;C:\Windows\System32\Wbem;C:\Windows\System32\WindowsPowerShell\v1.0\;C:\Windows\System32\OpenSSH\;C:\Program Files (x86)\NVIDIA Corporation\PhysX\Common;C:\Program Files\NVIDIA Corporation\NVIDIA NvDLISR;C:\Program Files\Microsoft SQL Server\110\Tools\Binn\;C:\Program Files\TortoiseGit\bin;B:\Git\Git\cmd;C:\Program Files (x86)\MySQL\MySQL Server 5.5\bin;B:\Java\bin;B:\Tomcat\apache-tomcat-10.0.12\bin;B:\Maven\apache-maven-3.3.9\bin;B:\Xftp\;B:\Xshell\;C:\Users\he&apos;yu&apos;feng\AppData\Local\Microsoft\WindowsApps;D:\Bandizip\;B:\IEDA\IntelliJ IDEA 2022.2.2\bin;;."/>
    <property name="maven.conf" value="B:\Maven\apache-maven-3.8.7/conf"/>
    <property name="jdk.debug" value="release"/>
    <property name="java.class.version" value="61.0"/>
    <property name="java.specification.name" value="Java Platform API Specification"/>
    <property name="sun.management.compiler" value="HotSpot 64-Bit Tiered Compilers"/>
    <property name="os.version" value="10.0"/>
    <property name="user.home" value="C:\Users\he&apos;yu&apos;feng"/>
    <property name="user.timezone" value="Asia/Shanghai"/>
    <property name="file.encoding" value="UTF-8"/>
    <property name="java.specification.version" value="17"/>
    <property name="user.name" value="he&apos;yu&apos;feng"/>
    <property name="java.class.path" value="B:\Maven\apache-maven-3.8.7\boot\plexus-classworlds-2.6.0.jar;B:\Maven\apache-maven-3.8.7\boot\plexus-classworlds.license"/>
    <property name="java.vm.specification.version" value="17"/>
    <property name="sun.arch.data.model" value="64"/>
    <property name="sun.java.command" value="org.codehaus.classworlds.Launcher -Didea.version=2022.2.2 -s B:\Maven\apache-maven-3.8.7\conf\settings.xml install"/>
    <property name="java.home" value="B:\JDK"/>
    <property name="user.language" value="zh"/>
    <property name="java.specification.vendor" value="Oracle Corporation"/>
    <property name="java.vm.info" value="mixed mode, sharing"/>
    <property name="java.version" value="17.0.6"/>
    <property name="native.encoding" value="GBK"/>
    <property name="java.vendor" value="Amazon.com Inc."/>
    <property name="maven.home" value="B:\Maven\apache-maven-3.8.7"/>
    <property name="file.separator" value="\"/>
    <property name="java.version.date" value="2023-01-17"/>
    <property name="java.vendor.url.bug" value="https://github.com/corretto/corretto-17/issues/"/>
    <property name="sun.io.unicode.encoding" value="UnicodeLittle"/>
    <property name="sun.cpu.endian" value="little"/>
    <property name="java.vendor.version" value="Corretto-17.0.6.10.1"/>
    <property name="sun.cpu.isalist" value="amd64"/>
  </properties>
  <testcase classname="org.god.ibatis.test.GodBatisTest" name="testSelectOne" time="0.326"/>
  <testcase classname="org.god.ibatis.test.GodBatisTest" name="testInsertUser" time="0.009"/>
  <testcase classname="org.god.ibatis.test.GodBatisTest" name="testSqlSessionFactory" time="0.005"/>
</testsuite>