<?xml version="1.0" encoding="UTF-8"?>
<!-- Generated by org.testng.reporters.JUnitReportReporter -->
<testsuite hostname="LAPTOP-QV99I927" failures="0" tests="2" name="com.shamengxin.TestHelloMaven" time="0.004" errors="0" timestamp="2023-01-05T19:56:53 CST" skipped="0">
  <testcase classname="com.shamengxin.TestHelloMaven" name="testAdd" time="0.004"/>
  <system-out/>
  <testcase classname="com.shamengxin.TestHelloMaven" name="testAdd2" time="0.000"/>
  <system-out/>
</testsuite> <!-- com.shamengxin.TestHelloMaven -->
